# JRE version: OpenJDK Runtime Environment Temurin-21.0.8+9 (21.0.8+9) (build 21.0.8+9-LTS)
# Java VM: OpenJDK 64-Bit Server VM Temurin-21.0.8+9 (21.0.8+9-LTS, mixed mode, sharing, tiered, compressed oops, compressed class ptrs, parallel gc, windows-amd64)
GC Precious Log:
 CardTable entry size: 512
 CPUs: 8 total, 8 available
 Memory: 16262M
 Large Page Support: Disabled
 NUMA Support: Disabled
 Compressed Oops: Enabled (32-bit)
 Alignments: Space 512K, Generation 512K, Heap 2M
 Heap Min Capacity: 100M
 Heap Initial Capacity: 100M
 Heap Max Capacity: 2G
 Pre-touch: Disabled
 Parallel Workers: 8
Heap:
 PSYoungGen      total 2048K, used 1962K [0x00000000d5580000, 0x00000000d5900000, 0x0000000100000000)
  eden space 1536K, 94% used [0x00000000d5580000,0x00000000d56ea880,0x00000000d5700000)
  from space 512K, 100% used [0x00000000d5780000,0x00000000d5800000,0x00000000d5800000)
  to   space 1024K, 0% used [0x00000000d5800000,0x00000000d5800000,0x00000000d5900000)
 ParOldGen       total 432128K, used 432075K [0x0000000080000000, 0x000000009a600000, 0x00000000d5580000)
  object space 432128K, 99% used [0x0000000080000000,0x000000009a5f2cc8,0x000000009a600000)
 Metaspace       used 74393K, committed 75904K, reserved 1179648K
  class space    used 8003K, committed 8704K, reserved 1048576K
GC Heap History (20 events):
Event: 102.540 GC heap before
{Heap before GC invocations=518 (full 3):
 PSYoungGen      total 2048K, used 1888K [0x00000000d5580000, 0x00000000d5880000, 0x0000000100000000)
  eden space 1536K, 100% used [0x00000000d5580000,0x00000000d5700000,0x00000000d5700000)
  from space 512K, 68% used [0x00000000d5800000,0x00000000d5858000,0x00000000d5880000)
  to   space 512K, 0% used [0x00000000d5780000,0x00000000d5780000,0x00000000d5800000)
 ParOldGen       total 429568K, used 429357K [0x0000000080000000, 0x000000009a380000, 0x00000000d5580000)
  object space 429568K, 99% used [0x0000000080000000,0x000000009a34b640,0x000000009a380000)
 Metaspace       used 73284K, committed 74816K, reserved 1179648K
  class space    used 7908K, committed 8576K, reserved 1048576K
}
Event: 102.549 GC heap after
{Heap after GC invocations=518 (full 3):
 PSYoungGen      total 2048K, used 480K [0x00000000d5580000, 0x00000000d5880000, 0x0000000100000000)
  eden space 1536K, 0% used [0x00000000d5580000,0x00000000d5580000,0x00000000d5700000)
  from space 512K, 93% used [0x00000000d5780000,0x00000000d57f8000,0x00000000d5800000)
  to   space 512K, 0% used [0x00000000d5800000,0x00000000d5800000,0x00000000d5880000)
 ParOldGen       total 430080K, used 429613K [0x0000000080000000, 0x000000009a400000, 0x00000000d5580000)
  object space 430080K, 99% used [0x0000000080000000,0x000000009a38b640,0x000000009a400000)
 Metaspace       used 73284K, committed 74816K, reserved 1179648K
  class space    used 7908K, committed 8576K, reserved 1048576K
}
Event: 102.618 GC heap before
{Heap before GC invocations=519 (full 3):
 PSYoungGen      total 2048K, used 2016K [0x00000000d5580000, 0x00000000d5880000, 0x0000000100000000)
  eden space 1536K, 100% used [0x00000000d5580000,0x00000000d5700000,0x00000000d5700000)
  from space 512K, 93% used [0x00000000d5780000,0x00000000d57f8000,0x00000000d5800000)
  to   space 512K, 0% used [0x00000000d5800000,0x00000000d5800000,0x00000000d5880000)
 ParOldGen       total 430080K, used 429613K [0x0000000080000000, 0x000000009a400000, 0x00000000d5580000)
  object space 430080K, 99% used [0x0000000080000000,0x000000009a38b640,0x000000009a400000)
 Metaspace       used 73290K, committed 74816K, reserved 1179648K
  class space    used 7908K, committed 8576K, reserved 1048576K
}
Event: 102.621 GC heap after
{Heap after GC invocations=519 (full 3):
 PSYoungGen      total 2048K, used 512K [0x00000000d5580000, 0x00000000d5900000, 0x0000000100000000)
  eden space 1536K, 0% used [0x00000000d5580000,0x00000000d5580000,0x00000000d5700000)
  from space 512K, 100% used [0x00000000d5800000,0x00000000d5880000,0x00000000d5880000)
  to   space 1024K, 0% used [0x00000000d5700000,0x00000000d5700000,0x00000000d5800000)
 ParOldGen       total 430080K, used 429834K [0x0000000080000000, 0x000000009a400000, 0x00000000d5580000)
  object space 430080K, 99% used [0x0000000080000000,0x000000009a3c2ac0,0x000000009a400000)
 Metaspace       used 73290K, committed 74816K, reserved 1179648K
  class space    used 7908K, committed 8576K, reserved 1048576K
}
Event: 102.868 GC heap before
{Heap before GC invocations=520 (full 3):
 PSYoungGen      total 2048K, used 2034K [0x00000000d5580000, 0x00000000d5900000, 0x0000000100000000)
  eden space 1536K, 99% used [0x00000000d5580000,0x00000000d56fc9b8,0x00000000d5700000)
  from space 512K, 100% used [0x00000000d5800000,0x00000000d5880000,0x00000000d5880000)
  to   space 1024K, 0% used [0x00000000d5700000,0x00000000d5700000,0x00000000d5800000)
 ParOldGen       total 430080K, used 429834K [0x0000000080000000, 0x000000009a400000, 0x00000000d5580000)
  object space 430080K, 99% used [0x0000000080000000,0x000000009a3c2ac0,0x000000009a400000)
 Metaspace       used 73379K, committed 74944K, reserved 1179648K
  class space    used 7910K, committed 8576K, reserved 1048576K
}
Event: 102.872 GC heap after
{Heap after GC invocations=520 (full 3):
 PSYoungGen      total 2560K, used 544K [0x00000000d5580000, 0x00000000d5900000, 0x0000000100000000)
  eden space 1536K, 0% used [0x00000000d5580000,0x00000000d5580000,0x00000000d5700000)
  from space 1024K, 53% used [0x00000000d5700000,0x00000000d5788000,0x00000000d5800000)
  to   space 1024K, 0% used [0x00000000d5800000,0x00000000d5800000,0x00000000d5900000)
 ParOldGen       total 430592K, used 430337K [0x0000000080000000, 0x000000009a480000, 0x00000000d5580000)
  object space 430592K, 99% used [0x0000000080000000,0x000000009a4406a8,0x000000009a480000)
 Metaspace       used 73379K, committed 74944K, reserved 1179648K
  class space    used 7910K, committed 8576K, reserved 1048576K
}
Event: 102.981 GC heap before
{Heap before GC invocations=521 (full 3):
 PSYoungGen      total 2560K, used 2080K [0x00000000d5580000, 0x00000000d5900000, 0x0000000100000000)
  eden space 1536K, 100% used [0x00000000d5580000,0x00000000d5700000,0x00000000d5700000)
  from space 1024K, 53% used [0x00000000d5700000,0x00000000d5788000,0x00000000d5800000)
  to   space 1024K, 0% used [0x00000000d5800000,0x00000000d5800000,0x00000000d5900000)
 ParOldGen       total 430592K, used 430337K [0x0000000080000000, 0x000000009a480000, 0x00000000d5580000)
  object space 430592K, 99% used [0x0000000080000000,0x000000009a4406a8,0x000000009a480000)
 Metaspace       used 73734K, committed 75264K, reserved 1179648K
  class space    used 7947K, committed 8640K, reserved 1048576K
}
Event: 102.986 GC heap after
{Heap after GC invocations=521 (full 3):
 PSYoungGen      total 2048K, used 192K [0x00000000d5580000, 0x00000000d5880000, 0x0000000100000000)
  eden space 1536K, 0% used [0x00000000d5580000,0x00000000d5580000,0x00000000d5700000)
  from space 512K, 37% used [0x00000000d5800000,0x00000000d5830000,0x00000000d5880000)
  to   space 512K, 0% used [0x00000000d5780000,0x00000000d5780000,0x00000000d5800000)
 ParOldGen       total 431104K, used 430769K [0x0000000080000000, 0x000000009a500000, 0x00000000d5580000)
  object space 431104K, 99% used [0x0000000080000000,0x000000009a4ac6a8,0x000000009a500000)
 Metaspace       used 73734K, committed 75264K, reserved 1179648K
  class space    used 7947K, committed 8640K, reserved 1048576K
}
Event: 103.099 GC heap before
{Heap before GC invocations=522 (full 3):
 PSYoungGen      total 2048K, used 1719K [0x00000000d5580000, 0x00000000d5880000, 0x0000000100000000)
  eden space 1536K, 99% used [0x00000000d5580000,0x00000000d56fdef0,0x00000000d5700000)
  from space 512K, 37% used [0x00000000d5800000,0x00000000d5830000,0x00000000d5880000)
  to   space 512K, 0% used [0x00000000d5780000,0x00000000d5780000,0x00000000d5800000)
 ParOldGen       total 431104K, used 430769K [0x0000000080000000, 0x000000009a500000, 0x00000000d5580000)
  object space 431104K, 99% used [0x0000000080000000,0x000000009a4ac6a8,0x000000009a500000)
 Metaspace       used 73879K, committed 75456K, reserved 1179648K
  class space    used 7962K, committed 8704K, reserved 1048576K
}
Event: 103.102 GC heap after
{Heap after GC invocations=522 (full 3):
 PSYoungGen      total 2048K, used 433K [0x00000000d5580000, 0x00000000d5880000, 0x0000000100000000)
  eden space 1536K, 0% used [0x00000000d5580000,0x00000000d5580000,0x00000000d5700000)
  from space 512K, 84% used [0x00000000d5780000,0x00000000d57ec508,0x00000000d5800000)
  to   space 512K, 0% used [0x00000000d5800000,0x00000000d5800000,0x00000000d5880000)
 ParOldGen       total 431104K, used 430825K [0x0000000080000000, 0x000000009a500000, 0x00000000d5580000)
  object space 431104K, 99% used [0x0000000080000000,0x000000009a4ba6a8,0x000000009a500000)
 Metaspace       used 73879K, committed 75456K, reserved 1179648K
  class space    used 7962K, committed 8704K, reserved 1048576K
}
Event: 103.161 GC heap before
{Heap before GC invocations=523 (full 3):
 PSYoungGen      total 2048K, used 1969K [0x00000000d5580000, 0x00000000d5880000, 0x0000000100000000)
  eden space 1536K, 99% used [0x00000000d5580000,0x00000000d56ffff8,0x00000000d5700000)
  from space 512K, 84% used [0x00000000d5780000,0x00000000d57ec508,0x00000000d5800000)
  to   space 512K, 0% used [0x00000000d5800000,0x00000000d5800000,0x00000000d5880000)
 ParOldGen       total 431104K, used 430825K [0x0000000080000000, 0x000000009a500000, 0x00000000d5580000)
  object space 431104K, 99% used [0x0000000080000000,0x000000009a4ba6a8,0x000000009a500000)
 Metaspace       used 74003K, committed 75584K, reserved 1179648K
  class space    used 7975K, committed 8704K, reserved 1048576K
}
Event: 103.166 GC heap after
{Heap after GC invocations=523 (full 3):
 PSYoungGen      total 2048K, used 440K [0x00000000d5580000, 0x00000000d5880000, 0x0000000100000000)
  eden space 1536K, 0% used [0x00000000d5580000,0x00000000d5580000,0x00000000d5700000)
  from space 512K, 86% used [0x00000000d5800000,0x00000000d586e1c0,0x00000000d5880000)
  to   space 512K, 0% used [0x00000000d5780000,0x00000000d5780000,0x00000000d5800000)
 ParOldGen       total 431104K, used 430900K [0x0000000080000000, 0x000000009a500000, 0x00000000d5580000)
  object space 431104K, 99% used [0x0000000080000000,0x000000009a4cd2b0,0x000000009a500000)
 Metaspace       used 74003K, committed 75584K, reserved 1179648K
  class space    used 7975K, committed 8704K, reserved 1048576K
}
Event: 109.234 GC heap before
{Heap before GC invocations=524 (full 3):
 PSYoungGen      total 2048K, used 1976K [0x00000000d5580000, 0x00000000d5880000, 0x0000000100000000)
  eden space 1536K, 100% used [0x00000000d5580000,0x00000000d5700000,0x00000000d5700000)
  from space 512K, 86% used [0x00000000d5800000,0x00000000d586e1c0,0x00000000d5880000)
  to   space 512K, 0% used [0x00000000d5780000,0x00000000d5780000,0x00000000d5800000)
 ParOldGen       total 431104K, used 430900K [0x0000000080000000, 0x000000009a500000, 0x00000000d5580000)
  object space 431104K, 99% used [0x0000000080000000,0x000000009a4cd2b0,0x000000009a500000)
 Metaspace       used 74125K, committed 75648K, reserved 1179648K
  class space    used 7988K, committed 8704K, reserved 1048576K
}
Event: 109.237 GC heap after
{Heap after GC invocations=524 (full 3):
 PSYoungGen      total 2048K, used 224K [0x00000000d5580000, 0x00000000d5880000, 0x0000000100000000)
  eden space 1536K, 0% used [0x00000000d5580000,0x00000000d5580000,0x00000000d5700000)
  from space 512K, 43% used [0x00000000d5780000,0x00000000d57b8000,0x00000000d5800000)
  to   space 512K, 0% used [0x00000000d5800000,0x00000000d5800000,0x00000000d5880000)
 ParOldGen       total 431104K, used 431068K [0x0000000080000000, 0x000000009a500000, 0x00000000d5580000)
  object space 431104K, 99% used [0x0000000080000000,0x000000009a4f72d0,0x000000009a500000)
 Metaspace       used 74125K, committed 75648K, reserved 1179648K
  class space    used 7988K, committed 8704K, reserved 1048576K
}
Event: 109.823 GC heap before
{Heap before GC invocations=525 (full 3):
 PSYoungGen      total 2048K, used 1760K [0x00000000d5580000, 0x00000000d5880000, 0x0000000100000000)
  eden space 1536K, 100% used [0x00000000d5580000,0x00000000d5700000,0x00000000d5700000)
  from space 512K, 43% used [0x00000000d5780000,0x00000000d57b8000,0x00000000d5800000)
  to   space 512K, 0% used [0x00000000d5800000,0x00000000d5800000,0x00000000d5880000)
 ParOldGen       total 431104K, used 431068K [0x0000000080000000, 0x000000009a500000, 0x00000000d5580000)
  object space 431104K, 99% used [0x0000000080000000,0x000000009a4f72d0,0x000000009a500000)
 Metaspace       used 74175K, committed 75712K, reserved 1179648K
  class space    used 7993K, committed 8704K, reserved 1048576K
}
Event: 109.826 GC heap after
{Heap after GC invocations=525 (full 3):
 PSYoungGen      total 2048K, used 354K [0x00000000d5580000, 0x00000000d5880000, 0x0000000100000000)
  eden space 1536K, 0% used [0x00000000d5580000,0x00000000d5580000,0x00000000d5700000)
  from space 512K, 69% used [0x00000000d5800000,0x00000000d5858ab0,0x00000000d5880000)
  to   space 512K, 0% used [0x00000000d5780000,0x00000000d5780000,0x00000000d5800000)
 ParOldGen       total 431616K, used 431124K [0x0000000080000000, 0x000000009a580000, 0x00000000d5580000)
  object space 431616K, 99% used [0x0000000080000000,0x000000009a5052d0,0x000000009a580000)
 Metaspace       used 74175K, committed 75712K, reserved 1179648K
  class space    used 7993K, committed 8704K, reserved 1048576K
}
Event: 109.869 GC heap before
{Heap before GC invocations=526 (full 3):
 PSYoungGen      total 2048K, used 1890K [0x00000000d5580000, 0x00000000d5880000, 0x0000000100000000)
  eden space 1536K, 100% used [0x00000000d5580000,0x00000000d5700000,0x00000000d5700000)
  from space 512K, 69% used [0x00000000d5800000,0x00000000d5858ab0,0x00000000d5880000)
  to   space 512K, 0% used [0x00000000d5780000,0x00000000d5780000,0x00000000d5800000)
 ParOldGen       total 431616K, used 431124K [0x0000000080000000, 0x000000009a580000, 0x00000000d5580000)
  object space 431616K, 99% used [0x0000000080000000,0x000000009a5052d0,0x000000009a580000)
 Metaspace       used 74217K, committed 75776K, reserved 1179648K
  class space    used 7996K, committed 8704K, reserved 1048576K
}
Event: 109.872 GC heap after
{Heap after GC invocations=526 (full 3):
 PSYoungGen      total 2048K, used 320K [0x00000000d5580000, 0x00000000d5880000, 0x0000000100000000)
  eden space 1536K, 0% used [0x00000000d5580000,0x00000000d5580000,0x00000000d5700000)
  from space 512K, 62% used [0x00000000d5780000,0x00000000d57d0000,0x00000000d5800000)
  to   space 512K, 0% used [0x00000000d5800000,0x00000000d5800000,0x00000000d5880000)
 ParOldGen       total 432128K, used 431726K [0x0000000080000000, 0x000000009a600000, 0x00000000d5580000)
  object space 432128K, 99% used [0x0000000080000000,0x000000009a59b828,0x000000009a600000)
 Metaspace       used 74217K, committed 75776K, reserved 1179648K
  class space    used 7996K, committed 8704K, reserved 1048576K
}
Event: 110.061 GC heap before
{Heap before GC invocations=527 (full 3):
 PSYoungGen      total 2048K, used 1855K [0x00000000d5580000, 0x00000000d5880000, 0x0000000100000000)
  eden space 1536K, 99% used [0x00000000d5580000,0x00000000d56ffff0,0x00000000d5700000)
  from space 512K, 62% used [0x00000000d5780000,0x00000000d57d0000,0x00000000d5800000)
  to   space 512K, 0% used [0x00000000d5800000,0x00000000d5800000,0x00000000d5880000)
 ParOldGen       total 432128K, used 431726K [0x0000000080000000, 0x000000009a600000, 0x00000000d5580000)
  object space 432128K, 99% used [0x0000000080000000,0x000000009a59b828,0x000000009a600000)
 Metaspace       used 74381K, committed 75904K, reserved 1179648K
  class space    used 8003K, committed 8704K, reserved 1048576K
}
Event: 110.063 GC heap after
{Heap after GC invocations=527 (full 3):
 PSYoungGen      total 2048K, used 288K [0x00000000d5580000, 0x00000000d5880000, 0x0000000100000000)
  eden space 1536K, 0% used [0x00000000d5580000,0x00000000d5580000,0x00000000d5700000)
  from space 512K, 56% used [0x00000000d5800000,0x00000000d5848020,0x00000000d5880000)
  to   space 512K, 0% used [0x00000000d5780000,0x00000000d5780000,0x00000000d5800000)
 ParOldGen       total 432128K, used 431894K [0x0000000080000000, 0x000000009a600000, 0x00000000d5580000)
  object space 432128K, 99% used [0x0000000080000000,0x000000009a5c5828,0x000000009a600000)
 Metaspace       used 74381K, committed 75904K, reserved 1179648K
  class space    used 8003K, committed 8704K, reserved 1048576K
}

